0 info it worked if it ends with ok
1 verbose cli [ 'node',
1 verbose cli   '/usr/local/bin/npm',
1 verbose cli   'install',
1 verbose cli   '-g',
1 verbose cli   'express-generator' ]
2 info using npm@2.7.0
3 info using node@v0.10.21
4 silly cache add args [ 'express-generator', null ]
5 verbose cache add spec express-generator
6 silly cache add parsed spec { raw: 'express-generator',
6 silly cache add   scope: null,
6 silly cache add   name: 'express-generator',
6 silly cache add   rawSpec: '',
6 silly cache add   spec: '*',
6 silly cache add   type: 'range' }
7 verbose addNamed express-generator@*
8 silly addNamed semver.valid null
9 silly addNamed semver.validRange *
10 silly addNameRange { name: 'express-generator', range: '*', hasData: false }
11 silly mapToRegistry name express-generator
12 silly mapToRegistry using default registry
13 silly mapToRegistry registry https://registry.npmjs.org/
14 silly mapToRegistry uri https://registry.npmjs.org/express-generator
15 verbose addNameRange registry:https://registry.npmjs.org/express-generator not in flight; fetching
16 verbose request uri https://registry.npmjs.org/express-generator
17 verbose request no auth needed
18 info attempt registry request try #1 at 04:31:07
19 verbose request id afee6a899df4822f
20 verbose etag "3TI97QC0GH2OK1K5YNJAOHR21"
21 http request GET https://registry.npmjs.org/express-generator
22 http 304 https://registry.npmjs.org/express-generator
23 silly get cb [ 304,
23 silly get   { date: 'Fri, 27 Mar 2015 04:31:08 GMT',
23 silly get     server: 'Apache',
23 silly get     via: '1.1 varnish',
23 silly get     'last-modified': 'Fri, 27 Mar 2015 04:31:08 GMT',
23 silly get     'cache-control': 'max-age=60',
23 silly get     etag: '"3TI97QC0GH2OK1K5YNJAOHR21"',
23 silly get     age: '32',
23 silly get     'x-served-by': 'cache-lax1420-LAX',
23 silly get     'x-cache': 'HIT',
23 silly get     'x-cache-hits': '1',
23 silly get     'x-timer': 'S1427430668.026887,VS0,VE0',
23 silly get     vary: 'Accept',
23 silly get     'content-length': '0',
23 silly get     'keep-alive': 'timeout=10, max=50',
23 silly get     connection: 'Keep-Alive' } ]
24 verbose etag https://registry.npmjs.org/express-generator from cache
25 verbose get saving express-generator to /home/ec2-user/.npm/registry.npmjs.org/express-generator/.cache.json
26 silly addNameRange number 2 { name: 'express-generator', range: '*', hasData: true }
27 silly addNameRange versions [ 'express-generator',
27 silly addNameRange   [ '1.0.0',
27 silly addNameRange     '3.0.0',
27 silly addNameRange     '4.0.0',
27 silly addNameRange     '4.2.0',
27 silly addNameRange     '4.8.0',
27 silly addNameRange     '4.9.0',
27 silly addNameRange     '4.10.0',
27 silly addNameRange     '4.11.0',
27 silly addNameRange     '4.11.1',
27 silly addNameRange     '4.11.2',
27 silly addNameRange     '4.12.0',
27 silly addNameRange     '4.12.1' ] ]
28 verbose addNamed express-generator@4.12.1
29 silly addNamed semver.valid 4.12.1
30 silly addNamed semver.validRange 4.12.1
31 silly cache afterAdd express-generator@4.12.1
32 verbose afterAdd /home/ec2-user/.npm/express-generator/4.12.1/package/package.json not in flight; writing
33 verbose afterAdd /home/ec2-user/.npm/express-generator/4.12.1/package/package.json written
34 silly install resolved [ { name: 'express-generator',
34 silly install resolved     description: 'Express\' application generator',
34 silly install resolved     version: '4.12.1',
34 silly install resolved     author: { name: 'TJ Holowaychuk', email: 'tj@vision-media.ca' },
34 silly install resolved     contributors: [ [Object], [Object], [Object], [Object], [Object], [Object] ],
34 silly install resolved     keywords:
34 silly install resolved      [ 'express',
34 silly install resolved        'framework',
34 silly install resolved        'sinatra',
34 silly install resolved        'web',
34 silly install resolved        'rest',
34 silly install resolved        'restful',
34 silly install resolved        'router',
34 silly install resolved        'app',
34 silly install resolved        'api' ],
34 silly install resolved     repository: { type: 'git', url: 'https://github.com/expressjs/generator' },
34 silly install resolved     license: 'MIT',
34 silly install resolved     dependencies: { commander: '2.6.0', mkdirp: '0.5.0', 'sorted-object': '1.0.0' },
34 silly install resolved     main: 'bin/express',
34 silly install resolved     preferGlobal: true,
34 silly install resolved     bin: { express: './bin/express' },
34 silly install resolved     devDependencies: { mocha: '~2.1.0', rimraf: '~2.2.8', supertest: '~0.15.0' },
34 silly install resolved     engines: { node: '>= 0.10' },
34 silly install resolved     files: [ 'LICENSE', 'bin/', 'templates/' ],
34 silly install resolved     scripts:
34 silly install resolved      { test: 'mocha --reporter spec --bail --check-leaks test/',
34 silly install resolved        'test-ci': 'mocha --reporter spec --check-leaks test/' },
34 silly install resolved     gitHead: 'd9674537f819db269aa54b241a5436fbbf4f2fe0',
34 silly install resolved     bugs: { url: 'https://github.com/expressjs/generator/issues' },
34 silly install resolved     homepage: 'https://github.com/expressjs/generator',
34 silly install resolved     _id: 'express-generator@4.12.1',
34 silly install resolved     _shasum: '79852114d5fc42b9b8f7690567b155ebdf17a246',
34 silly install resolved     _from: 'express-generator@*',
34 silly install resolved     _npmVersion: '1.4.28',
34 silly install resolved     _npmUser: { name: 'dougwilson', email: 'doug@somethingdoug.com' },
34 silly install resolved     maintainers: [ [Object], [Object], [Object], [Object], [Object], [Object] ],
34 silly install resolved     dist:
34 silly install resolved      { shasum: '79852114d5fc42b9b8f7690567b155ebdf17a246',
34 silly install resolved        tarball: 'http://registry.npmjs.org/express-generator/-/express-generator-4.12.1.tgz' },
34 silly install resolved     directories: {},
34 silly install resolved     _resolved: 'https://registry.npmjs.org/express-generator/-/express-generator-4.12.1.tgz',
34 silly install resolved     readme: 'ERROR: No README data found!' } ]
35 info install express-generator@4.12.1 into /usr/local/lib
36 info installOne express-generator@4.12.1
37 verbose installOne of express-generator to /usr/local/lib not in flight; installing
38 verbose lock using /home/ec2-user/.npm/_locks/express-generator-d3cc1706f4adef09.lock for /usr/local/lib/node_modules/express-generator
39 silly install write writing express-generator 4.12.1 to /usr/local/lib/node_modules/express-generator
40 silly cache addNamed cb express-generator@4.12.1
41 verbose unbuild lib/node_modules/express-generator
42 verbose gentlyRm vacuuming /usr/local/lib/node_modules/express-generator
43 verbose tar unpack /home/ec2-user/.npm/express-generator/4.12.1/package.tgz
44 verbose tar unpacking to /usr/local/lib/node_modules/express-generator
45 verbose gentlyRm vacuuming /usr/local/lib/node_modules/express-generator
46 silly gunzTarPerm modes [ '775', '664' ]
47 error tar.unpack untar error /home/ec2-user/.npm/express-generator/4.12.1/package.tgz
48 verbose unlock done using /home/ec2-user/.npm/_locks/express-generator-d3cc1706f4adef09.lock for /usr/local/lib/node_modules/express-generator
49 verbose fstream_path /usr/local/lib/node_modules/express-generator
50 verbose fstream_type Directory
51 verbose fstream_class DirWriter
52 verbose stack Error: EACCES, mkdir '/usr/local/lib/node_modules/express-generator'
53 verbose fstream_stack /usr/local/lib/node_modules/npm/node_modules/fstream/lib/dir-writer.js:36:23
53 verbose fstream_stack /usr/local/lib/node_modules/npm/node_modules/mkdirp/index.js:46:53
53 verbose fstream_stack Object.oncomplete (fs.js:107:15)
54 verbose cwd /var/node/static
55 error Linux 3.14.27-25.47.amzn1.x86_64
56 error argv "node" "/usr/local/bin/npm" "install" "-g" "express-generator"
57 error node v0.10.21
58 error npm  v2.7.0
59 error path /usr/local/lib/node_modules/express-generator
60 error code EACCES
61 error errno 3
62 error Error: EACCES, mkdir '/usr/local/lib/node_modules/express-generator'
62 error  { [Error: EACCES, mkdir '/usr/local/lib/node_modules/express-generator']
62 error   errno: 3,
62 error   code: 'EACCES',
62 error   path: '/usr/local/lib/node_modules/express-generator',
62 error   fstream_type: 'Directory',
62 error   fstream_path: '/usr/local/lib/node_modules/express-generator',
62 error   fstream_class: 'DirWriter',
62 error   fstream_stack:
62 error    [ '/usr/local/lib/node_modules/npm/node_modules/fstream/lib/dir-writer.js:36:23',
62 error      '/usr/local/lib/node_modules/npm/node_modules/mkdirp/index.js:46:53',
62 error      'Object.oncomplete (fs.js:107:15)' ] }
63 error Please try running this command again as root/Administrator.
64 verbose exit [ 3, true ]
65 verbose unbuild lib/node_modules/express-generator
66 verbose gentlyRm vacuuming /usr/local/lib/node_modules/express-generator
